<?xml version="1.0" encoding="UTF-8" ?>
<testsuite tests="4" failures="0" name="com.o2o.dao.ShopInfoMapperTest" time="0.004" errors="0" skipped="4">
  <properties>
    <property name="idea.version" value="2022.1"/>
    <property name="java.runtime.name" value="Java(TM) SE Runtime Environment"/>
    <property name="sun.boot.library.path" value="D:\environment\jdk\jdk 1.8\jdk\jre\bin"/>
    <property name="java.vm.version" value="25.271-b09"/>
    <property name="java.vm.vendor" value="Oracle Corporation"/>
    <property name="maven.multiModuleProjectDirectory" value="D:\project\java\neptune-shop\neptune-spring"/>
    <property name="java.vendor.url" value="http://java.oracle.com/"/>
    <property name="path.separator" value=";"/>
    <property name="guice.disable.misplaced.annotation.check" value="true"/>
    <property name="java.vm.name" value="Java HotSpot(TM) 64-Bit Server VM"/>
    <property name="file.encoding.pkg" value="sun.io"/>
    <property name="user.script" value=""/>
    <property name="user.country" value="CN"/>
    <property name="sun.java.launcher" value="SUN_STANDARD"/>
    <property name="sun.os.patch.level" value=""/>
    <property name="java.vm.specification.name" value="Java Virtual Machine Specification"/>
    <property name="user.dir" value="D:\project\java\neptune-shop\neptune-spring"/>
    <property name="java.runtime.version" value="1.8.0_271-b09"/>
    <property name="java.awt.graphicsenv" value="sun.awt.Win32GraphicsEnvironment"/>
    <property name="java.endorsed.dirs" value="D:\environment\jdk\jdk 1.8\jdk\jre\lib\endorsed"/>
    <property name="os.arch" value="amd64"/>
    <property name="java.io.tmpdir" value="D:\cache\"/>
    <property name="line.separator" value="
"/>
    <property name="java.vm.specification.vendor" value="Oracle Corporation"/>
    <property name="user.variant" value=""/>
    <property name="os.name" value="Windows 10"/>
    <property name="maven.ext.class.path" value="D:\jetbrain\idea\IntelliJ IDEA 2022.1\plugins\maven\lib\maven-event-listener.jar"/>
    <property name="classworlds.conf" value="D:\environment\maven\apache-maven-3.6.3-bin\apache-maven-3.6.3\bin\m2.conf"/>
    <property name="sun.jnu.encoding" value="GBK"/>
    <property name="java.library.path" value="D:\environment\jdk\jdk 1.8\jdk\bin;C:\WINDOWS\Sun\Java\bin;C:\WINDOWS\system32;C:\WINDOWS;D:\environment\jdk\jdk-11.0.13_windows-x64_bin\jdk-11.0.13\bin;D:\vmware\bin\;C:\Program Files (x86)\Common Files\Oracle\Java\javapath;D:\PyCharm\python\Scripts\;D:\PyCharm\python\;C:\Windows\system32;C:\Windows;C:\Windows\System32\Wbem;C:\Windows\System32\WindowsPowerShell\v1.0\;C:\Windows\System32\OpenSSH\;C:\Program Files\NVIDIA Corporation\NVIDIA NGX;C:\WINDOWS\system32;C:\WINDOWS;C:\WINDOWS\System32\Wbem;C:\WINDOWS\System32\WindowsPowerShell\v1.0\;C:\WINDOWS\System32\OpenSSH\;D:\PyCharm\graphviz\bin;D:\environment\maven\apache-maven-3.6.3-bin\apache-maven-3.6.3\bin;D:\environment\tomcat\apache-tomcat-9.0.40\bin;D:\mingw\x86_64-8.1.0-release-posix-sjlj-rt_v6-rev0\mingw64\bin;D:\environment\mysql\mysql-5.7.33-winx64\mysql-5.7.33-winx64\bin;C:\Program Files\Git\cmd;D:\前端\node.js;D:\前端\node.js\node-global;D:\pandoc\pandoc-2.11.3.2-windows-x86_64\pandoc-2.11.3.2;D:\远程访问工具\Xftp\;D:\远程访问工具\Xshell\;C:\WINDOWS\system32;C:\WINDOWS;C:\WINDOWS\System32\Wbem;C:\WINDOWS\System32\WindowsPowerShell\v1.0\;C:\WINDOWS\System32\OpenSSH\;C:\Program Files\NVIDIA Corporation\NVIDIA NvDLISR;C:\Program Files (x86)\NVIDIA Corporation\PhysX\Common;D:\environment\redis;D:\environment\golang;D:\environment\golang\bin;D:\environment\protoc-3.7.1-win64\bin;C:\Users\shenzhouhang\scoop\shims;C:\Users\shenzhouhang\AppData\Local\Microsoft\WindowsApps;D:\Bandizip\;D:\IDEA\IntelliJ IDEA 2020.1.3\bin;D:\Rider\JetBrains Rider 2020.1.4\bin;D:\CLion\CLion 2020.2\bin;D:\mingw\x86_64-6.4.0-release-posix-seh-rt_v5-rev0\mingw64\bin;C:\Users\shenzhouhang\AppData\Local\Microsoft\WindowsApps;D:\WebStorm\WebStorm 2021.1.1\bin;D:\vscode\Microsoft VS Code\bin;D:\jetbrain\idea\IntelliJ IDEA 2022.1\bin;C:\Users\shenzhouhang\AppData\Local\Programs\oh-my-posh\bin;D:\jetbrain\GoLand 2022.1.3\bin;."/>
    <property name="maven.conf" value="D:\environment\maven\apache-maven-3.6.3-bin\apache-maven-3.6.3/conf"/>
    <property name="java.specification.name" value="Java Platform API Specification"/>
    <property name="java.class.version" value="52.0"/>
    <property name="sun.management.compiler" value="HotSpot 64-Bit Tiered Compilers"/>
    <property name="maven.repo.local" value="D:\environment\maven\apache-maven-3.6.3-bin\apache-maven-3.6.3\maven-repo"/>
    <property name="os.version" value="10.0"/>
    <property name="user.home" value="C:\Users\shenzhouhang"/>
    <property name="user.timezone" value="Asia/Shanghai"/>
    <property name="java.awt.printerjob" value="sun.awt.windows.WPrinterJob"/>
    <property name="java.specification.version" value="1.8"/>
    <property name="file.encoding" value="UTF-8"/>
    <property name="user.name" value="shenzhouhang"/>
    <property name="java.class.path" value="D:\environment\maven\apache-maven-3.6.3-bin\apache-maven-3.6.3\boot\plexus-classworlds-2.6.0.jar;D:\environment\maven\apache-maven-3.6.3-bin\apache-maven-3.6.3\boot\plexus-classworlds.license;D:\jetbrain\idea\IntelliJ IDEA 2022.1\lib\idea_rt.jar"/>
    <property name="java.vm.specification.version" value="1.8"/>
    <property name="sun.arch.data.model" value="64"/>
    <property name="java.home" value="D:\environment\jdk\jdk 1.8\jdk\jre"/>
    <property name="sun.java.command" value="org.codehaus.classworlds.Launcher -Didea.version=2022.1 -s D:\environment\maven\apache-maven-3.6.3-bin\apache-maven-3.6.3\conf\settings.xml -Dmaven.repo.local=D:\environment\maven\apache-maven-3.6.3-bin\apache-maven-3.6.3\maven-repo package"/>
    <property name="java.specification.vendor" value="Oracle Corporation"/>
    <property name="user.language" value="zh"/>
    <property name="awt.toolkit" value="sun.awt.windows.WToolkit"/>
    <property name="java.vm.info" value="mixed mode"/>
    <property name="java.version" value="1.8.0_271"/>
    <property name="java.ext.dirs" value="D:\environment\jdk\jdk 1.8\jdk\jre\lib\ext;C:\WINDOWS\Sun\Java\lib\ext"/>
    <property name="sun.boot.class.path" value="D:\environment\jdk\jdk 1.8\jdk\jre\lib\resources.jar;D:\environment\jdk\jdk 1.8\jdk\jre\lib\rt.jar;D:\environment\jdk\jdk 1.8\jdk\jre\lib\sunrsasign.jar;D:\environment\jdk\jdk 1.8\jdk\jre\lib\jsse.jar;D:\environment\jdk\jdk 1.8\jdk\jre\lib\jce.jar;D:\environment\jdk\jdk 1.8\jdk\jre\lib\charsets.jar;D:\environment\jdk\jdk 1.8\jdk\jre\lib\jfr.jar;D:\environment\jdk\jdk 1.8\jdk\jre\classes"/>
    <property name="java.vendor" value="Oracle Corporation"/>
    <property name="maven.home" value="D:\environment\maven\apache-maven-3.6.3-bin\apache-maven-3.6.3"/>
    <property name="file.separator" value="\"/>
    <property name="java.vendor.url.bug" value="http://bugreport.sun.com/bugreport/"/>
    <property name="sun.cpu.endian" value="little"/>
    <property name="sun.io.unicode.encoding" value="UnicodeLittle"/>
    <property name="sun.desktop" value="windows"/>
    <property name="sun.cpu.isalist" value="amd64"/>
  </properties>
  <testcase classname="com.o2o.dao.ShopInfoMapperTest" name="insertShopInfoMapper" time="0.001">
    <skipped/>
    <system-out>01:45:07.336 [main] DEBUG org.springframework.test.context.cache.DefaultCacheAwareContextLoaderDelegate - Retrieved ApplicationContext [135184888] from cache with key [[MergedContextConfiguration@27abb83e testClass = ShopCategoryMapperTest, locations = &apos;{classpath:spring/spring-dao.xml, classpath:spring/spring-service.xml, classpath:spring/spring-redis.xml}&apos;, classes = &apos;{}&apos;, contextInitializerClasses = &apos;[]&apos;, activeProfiles = &apos;{}&apos;, propertySourceLocations = &apos;{}&apos;, propertySourceProperties = &apos;{}&apos;, contextCustomizers = set[[empty]], contextLoader = &apos;org.springframework.test.context.support.DelegatingSmartContextLoader&apos;, parent = [null]]]
01:45:07.336 [main] DEBUG org.springframework.test.context.cache - Spring test ApplicationContext cache statistics: [DefaultContextCache@64b31700 size = 1, maxSize = 32, parentContextCount = 0, hitCount = 64, missCount = 1]
01:45:07.337 [main] DEBUG org.springframework.test.context.support.AbstractDirtiesContextTestExecutionListener - After test class: context [DefaultTestContext@45673f68 testClass = ShopCategoryMapperTest, testInstance = [null], testMethod = [null], testException = [null], mergedContextConfiguration = [MergedContextConfiguration@27abb83e testClass = ShopCategoryMapperTest, locations = &apos;{classpath:spring/spring-dao.xml, classpath:spring/spring-service.xml, classpath:spring/spring-redis.xml}&apos;, classes = &apos;{}&apos;, contextInitializerClasses = &apos;[]&apos;, activeProfiles = &apos;{}&apos;, propertySourceLocations = &apos;{}&apos;, propertySourceProperties = &apos;{}&apos;, contextCustomizers = set[[empty]], contextLoader = &apos;org.springframework.test.context.support.DelegatingSmartContextLoader&apos;, parent = [null]], attributes = map[&apos;org.springframework.test.context.event.ApplicationEventsTestExecutionListener.recordApplicationEvents&apos; -&gt; false]], class annotated with @DirtiesContext [false] with mode [null].
01:45:07.337 [main] DEBUG org.springframework.test.context.junit4.SpringJUnit4ClassRunner - SpringJUnit4ClassRunner constructor called with [class com.o2o.dao.ShopInfoMapperTest]
01:45:07.338 [main] DEBUG org.springframework.test.context.BootstrapUtils - Instantiating CacheAwareContextLoaderDelegate from class [org.springframework.test.context.cache.DefaultCacheAwareContextLoaderDelegate]
01:45:07.338 [main] DEBUG org.springframework.test.context.BootstrapUtils - Instantiating BootstrapContext using constructor [public org.springframework.test.context.support.DefaultBootstrapContext(java.lang.Class,org.springframework.test.context.CacheAwareContextLoaderDelegate)]
01:45:07.338 [main] DEBUG org.springframework.test.context.BootstrapUtils - Instantiating TestContextBootstrapper for test class [com.o2o.dao.ShopInfoMapperTest] from class [org.springframework.test.context.support.DefaultTestContextBootstrapper]
01:45:07.339 [main] DEBUG org.springframework.test.context.support.AbstractDelegatingSmartContextLoader - Delegating to GenericXmlContextLoader to process context configuration [ContextConfigurationAttributes@3c5a54b7 declaringClass = &apos;com.o2o.BaseTest&apos;, classes = &apos;{}&apos;, locations = &apos;{classpath:spring/spring-dao.xml, classpath:spring/spring-service.xml, classpath:spring/spring-redis.xml}&apos;, inheritLocations = true, initializers = &apos;{}&apos;, inheritInitializers = true, name = [null], contextLoaderClass = &apos;org.springframework.test.context.ContextLoader&apos;].
01:45:07.340 [main] DEBUG org.springframework.test.context.support.ActiveProfilesUtils - Could not find an &apos;annotation declaring class&apos; for annotation type [org.springframework.test.context.ActiveProfiles] and class [com.o2o.dao.ShopInfoMapperTest]
01:45:07.340 [main] DEBUG org.springframework.test.context.support.DefaultTestContextBootstrapper - @TestExecutionListeners is not present for class [com.o2o.dao.ShopInfoMapperTest]: using defaults.
01:45:07.340 [main] INFO org.springframework.test.context.support.DefaultTestContextBootstrapper - Loaded default TestExecutionListener class names from location [META-INF/spring.factories]: [org.springframework.test.context.web.ServletTestExecutionListener, org.springframework.test.context.support.DirtiesContextBeforeModesTestExecutionListener, org.springframework.test.context.event.ApplicationEventsTestExecutionListener, org.springframework.test.context.support.DependencyInjectionTestExecutionListener, org.springframework.test.context.support.DirtiesContextTestExecutionListener, org.springframework.test.context.transaction.TransactionalTestExecutionListener, org.springframework.test.context.jdbc.SqlScriptsTestExecutionListener, org.springframework.test.context.event.EventPublishingTestExecutionListener]
01:45:07.340 [main] INFO org.springframework.test.context.support.DefaultTestContextBootstrapper - Using TestExecutionListeners: [org.springframework.test.context.web.ServletTestExecutionListener@61f2c3f0, org.springframework.test.context.support.DirtiesContextBeforeModesTestExecutionListener@291120f4, org.springframework.test.context.event.ApplicationEventsTestExecutionListener@417ad4f3, org.springframework.test.context.support.DependencyInjectionTestExecutionListener@2f6bcf87, org.springframework.test.context.support.DirtiesContextTestExecutionListener@58f174d9, org.springframework.test.context.transaction.TransactionalTestExecutionListener@78c7f9b3, org.springframework.test.context.jdbc.SqlScriptsTestExecutionListener@6f8d7714, org.springframework.test.context.event.EventPublishingTestExecutionListener@1e6b9a95]
01:45:07.340 [main] DEBUG org.springframework.test.annotation.ProfileValueUtils - Retrieved @ProfileValueSourceConfiguration [null] for test class [com.o2o.dao.ShopInfoMapperTest]
01:45:07.340 [main] DEBUG org.springframework.test.annotation.ProfileValueUtils - Retrieved ProfileValueSource type [class org.springframework.test.annotation.SystemProfileValueSource] for class [com.o2o.dao.ShopInfoMapperTest]
01:45:07.340 [main] DEBUG org.springframework.test.annotation.ProfileValueUtils - Retrieved @ProfileValueSourceConfiguration [null] for test class [com.o2o.dao.ShopInfoMapperTest]
01:45:07.340 [main] DEBUG org.springframework.test.annotation.ProfileValueUtils - Retrieved ProfileValueSource type [class org.springframework.test.annotation.SystemProfileValueSource] for class [com.o2o.dao.ShopInfoMapperTest]
01:45:07.341 [main] DEBUG org.springframework.test.annotation.ProfileValueUtils - Retrieved @ProfileValueSourceConfiguration [null] for test class [com.o2o.dao.ShopInfoMapperTest]
01:45:07.341 [main] DEBUG org.springframework.test.annotation.ProfileValueUtils - Retrieved ProfileValueSource type [class org.springframework.test.annotation.SystemProfileValueSource] for class [com.o2o.dao.ShopInfoMapperTest]
01:45:07.341 [main] DEBUG org.springframework.test.annotation.ProfileValueUtils - Retrieved @ProfileValueSourceConfiguration [null] for test class [com.o2o.dao.ShopInfoMapperTest]
01:45:07.341 [main] DEBUG org.springframework.test.annotation.ProfileValueUtils - Retrieved ProfileValueSource type [class org.springframework.test.annotation.SystemProfileValueSource] for class [com.o2o.dao.ShopInfoMapperTest]
</system-out>
    <system-err>Mon Jul 25 01:45:07 CST 2022 WARN: Establishing SSL connection without server&apos;s identity verification is not recommended. According to MySQL 5.5.45+, 5.6.26+ and 5.7.6+ requirements SSL connection must be established by default if explicit option isn&apos;t set. For compliance with existing applications not using SSL the verifyServerCertificate property is set to &apos;false&apos;. You need either to explicitly disable SSL by setting useSSL=false, or set useSSL=true and provide truststore for server certificate verification.
</system-err>
  </testcase>
  <testcase classname="com.o2o.dao.ShopInfoMapperTest" name="updateShopInfoTest" time="0.001">
    <skipped/>
  </testcase>
  <testcase classname="com.o2o.dao.ShopInfoMapperTest" name="selectShopInfoMapper" time="0.001">
    <skipped/>
  </testcase>
  <testcase classname="com.o2o.dao.ShopInfoMapperTest" name="selectShopInfoByIdMapper" time="0.001">
    <skipped/>
  </testcase>
</testsuite>